# JRE version: Java(TM) SE Runtime Environment (8.0_92-b14) (build 1.8.0_92-b14)
# Java VM: Java HotSpot(TM) Client VM (25.92-b14 mixed mode windows-x86 )
Heap:
 def new generation   total 39424K, used 13752K [0x04a00000, 0x074c0000, 0x0f4a0000)
  eden space 35072K,  36% used [0x04a00000, 0x05667140, 0x06c40000)
  from space 4352K,  24% used [0x06c40000, 0x06d47048, 0x07080000)
  to   space 4352K,   0% used [0x07080000, 0x07080000, 0x074c0000)
 tenured generation   total 87424K, used 44249K [0x0f4a0000, 0x14a00000, 0x24a00000)
   the space 87424K,  50% used [0x0f4a0000, 0x11fd6520, 0x11fd6600, 0x14a00000)
 Metaspace       used 19257K, capacity 19956K, committed 19968K, reserved 20864K
GC Heap History (10 events):
Event: 870.350 GC heap before
{Heap before GC invocations=12 (full 1):
 def new generation   total 39424K, used 39424K [0x04a00000, 0x074c0000, 0x0f4a0000)
  eden space 35072K, 100% used [0x04a00000, 0x06c40000, 0x06c40000)
  from space 4352K, 100% used [0x07080000, 0x074c0000, 0x074c0000)
  to   space 4352K,   0% used [0x06c40000, 0x06c40000, 0x07080000)
 tenured generation   total 87424K, used 39922K [0x0f4a0000, 0x14a00000, 0x24a00000)
   the space 87424K,  45% used [0x0f4a0000, 0x11b9cb00, 0x11b9cc00, 0x14a00000)
 Metaspace       used 19257K, capacity 19956K, committed 19968K, reserved 20864K
Event: 870.360 GC heap after
Heap after GC invocations=13 (full 1):
 def new generation   total 39424K, used 879K [0x04a00000, 0x074c0000, 0x0f4a0000)
  eden space 35072K,   0% used [0x04a00000, 0x04a00000, 0x06c40000)
  from space 4352K,  20% used [0x06c40000, 0x06d1bc80, 0x07080000)
  to   space 4352K,   0% used [0x07080000, 0x07080000, 0x074c0000)
 tenured generation   total 87424K, used 44249K [0x0f4a0000, 0x14a00000, 0x24a00000)
   the space 87424K,  50% used [0x0f4a0000, 0x11fd6520, 0x11fd6600, 0x14a00000)
 Metaspace       used 19257K, capacity 19956K, committed 19968K, reserved 20864K
}
Event: 948.002 GC heap before
{Heap before GC invocations=13 (full 1):
 def new generation   total 39424K, used 35951K [0x04a00000, 0x074c0000, 0x0f4a0000)
  eden space 35072K, 100% used [0x04a00000, 0x06c40000, 0x06c40000)
  from space 4352K,  20% used [0x06c40000, 0x06d1bc80, 0x07080000)
  to   space 4352K,   0% used [0x07080000, 0x07080000, 0x074c0000)
 tenured generation   total 87424K, used 44249K [0x0f4a0000, 0x14a00000, 0x24a00000)
   the space 87424K,  50% used [0x0f4a0000, 0x11fd6520, 0x11fd6600, 0x14a00000)
 Metaspace       used 19257K, capacity 19956K, committed 19968K, reserved 20864K
Event: 948.010 GC heap after
Heap after GC invocations=14 (full 1):
 def new generation   total 39424K, used 1218K [0x04a00000, 0x074c0000, 0x0f4a0000)
  eden space 35072K,   0% used [0x04a00000, 0x04a00000, 0x06c40000)
  from space 4352K,  27% used [0x07080000, 0x071b08a0, 0x074c0000)
  to   space 4352K,   0% used [0x06c40000, 0x06c40000, 0x07080000)
 tenured generation   total 87424K, used 44249K [0x0f4a0000, 0x14a00000, 0x24a00000)
   the space 87424K,  50% used [0x0f4a0000, 0x11fd6520, 0x11fd6600, 0x14a00000)
 Metaspace       used 19257K, capacity 19956K, committed 19968K, reserved 20864K
}
Event: 1115.529 GC heap before
{Heap before GC invocations=14 (full 1):
 def new generation   total 39424K, used 36290K [0x04a00000, 0x074c0000, 0x0f4a0000)
  eden space 35072K, 100% used [0x04a00000, 0x06c40000, 0x06c40000)
  from space 4352K,  27% used [0x07080000, 0x071b08a0, 0x074c0000)
  to   space 4352K,   0% used [0x06c40000, 0x06c40000, 0x07080000)
 tenured generation   total 87424K, used 44249K [0x0f4a0000, 0x14a00000, 0x24a00000)
   the space 87424K,  50% used [0x0f4a0000, 0x11fd6520, 0x11fd6600, 0x14a00000)
 Metaspace       used 19257K, capacity 19956K, committed 19968K, reserved 20864K
Event: 1115.532 GC heap after
Heap after GC invocations=15 (full 1):
 def new generation   total 39424K, used 1365K [0x04a00000, 0x074c0000, 0x0f4a0000)
  eden space 35072K,   0% used [0x04a00000, 0x04a00000, 0x06c40000)
  from space 4352K,  31% used [0x06c40000, 0x06d95540, 0x07080000)
  to   space 4352K,   0% used [0x07080000, 0x07080000, 0x074c0000)
 tenured generation   total 87424K, used 44249K [0x0f4a0000, 0x14a00000, 0x24a00000)
   the space 87424K,  50% used [0x0f4a0000, 0x11fd6520, 0x11fd6600, 0x14a00000)
 Metaspace       used 19257K, capacity 19956K, committed 19968K, reserved 20864K
}
Event: 1320.248 GC heap before
{Heap before GC invocations=15 (full 1):
 def new generation   total 39424K, used 36437K [0x04a00000, 0x074c0000, 0x0f4a0000)
  eden space 35072K, 100% used [0x04a00000, 0x06c40000, 0x06c40000)
  from space 4352K,  31% used [0x06c40000, 0x06d95540, 0x07080000)
  to   space 4352K,   0% used [0x07080000, 0x07080000, 0x074c0000)
 tenured generation   total 87424K, used 44249K [0x0f4a0000, 0x14a00000, 0x24a00000)
   the space 87424K,  50% used [0x0f4a0000, 0x11fd6520, 0x11fd6600, 0x14a00000)
 Metaspace       used 19257K, capacity 19956K, committed 19968K, reserved 20864K
Event: 1320.251 GC heap after
Heap after GC invocations=16 (full 1):
 def new generation   total 39424K, used 1020K [0x04a00000, 0x074c0000, 0x0f4a0000)
  eden space 35072K,   0% used [0x04a00000, 0x04a00000, 0x06c40000)
  from space 4352K,  23% used [0x07080000, 0x0717f150, 0x074c0000)
  to   space 4352K,   0% used [0x06c40000, 0x06c40000, 0x07080000)
 tenured generation   total 87424K, used 44249K [0x0f4a0000, 0x14a00000, 0x24a00000)
   the space 87424K,  50% used [0x0f4a0000, 0x11fd6520, 0x11fd6600, 0x14a00000)
 Metaspace       used 19257K, capacity 19956K, committed 19968K, reserved 20864K
}
Event: 1468.486 GC heap before
{Heap before GC invocations=16 (full 1):
 def new generation   total 39424K, used 36092K [0x04a00000, 0x074c0000, 0x0f4a0000)
  eden space 35072K, 100% used [0x04a00000, 0x06c40000, 0x06c40000)
  from space 4352K,  23% used [0x07080000, 0x0717f150, 0x074c0000)
  to   space 4352K,   0% used [0x06c40000, 0x06c40000, 0x07080000)
 tenured generation   total 87424K, used 44249K [0x0f4a0000, 0x14a00000, 0x24a00000)
   the space 87424K,  50% used [0x0f4a0000, 0x11fd6520, 0x11fd6600, 0x14a00000)
 Metaspace       used 19257K, capacity 19956K, committed 19968K, reserved 20864K
Event: 1468.489 GC heap after
Heap after GC invocations=17 (full 1):
 def new generation   total 39424K, used 1052K [0x04a00000, 0x074c0000, 0x0f4a0000)
  eden space 35072K,   0% used [0x04a00000, 0x04a00000, 0x06c40000)
  from space 4352K,  24% used [0x06c40000, 0x06d47048, 0x07080000)
  to   space 4352K,   0% used [0x07080000, 0x07080000, 0x074c0000)
 tenured generation   total 87424K, used 44249K [0x0f4a0000, 0x14a00000, 0x24a00000)
   the space 87424K,  50% used [0x0f4a0000, 0x11fd6520, 0x11fd6600, 0x14a00000)
 Metaspace       used 19257K, capacity 19956K, committed 19968K, reserved 20864K
}

